<?xml version="1.0" encoding="UTF-8"?>
<!-- Generated by org.testng.reporters.JUnitReportReporter -->
<testsuite hostname="DESKTOP-SRU0R49" failures="0" tests="10" name="MyTests.MainTestCases" time="202.709" errors="0" timestamp="2025-06-16T16:13:29 EET" skipped="0">
  <testcase classname="MyTests.MainTestCases" name="HomepageAccessibility" time="0.170"/>
  <system-out/>
  <testcase classname="MyTests.MainTestCases" name="ProductSearchFunctionality" time="4.521"/>
  <system-out/>
  <testcase classname="MyTests.MainTestCases" name="ViewingProductDetails" time="16.228"/>
  <system-out/>
  <testcase classname="MyTests.MainTestCases" name="PrivacyPolicyAccessibility" time="4.642"/>
  <system-out/>
  <testcase classname="MyTests.MainTestCases" name="FilteringSearchResults" time="3.201"/>
  <system-out/>
  <testcase classname="MyTests.MainTestCases" name="AddingProductstoCart" time="96.941"/>
  <system-out/>
  <testcase classname="MyTests.MainTestCases" name="ViewingandModifyingtheShoppingCart" time="29.208"/>
  <system-out/>
  <testcase classname="MyTests.MainTestCases" name="ProceedingtoCheckout" time="14.767"/>
  <system-out/>
  <testcase classname="MyTests.MainTestCases" name="LanguageSwitchFunctionlity" time="30.912"/>
  <system-out/>
  <testcase classname="MyTests.MainTestCases" name="LogoandInfoVisibility" time="2.119"/>
  <system-out/>
</testsuite> <!-- MyTests.MainTestCases -->
