<?xml version="1.0" encoding="UTF-8"?>
<!-- Generated by org.testng.reporters.JUnitReportReporter -->
<testsuite hostname="DESKTOP-SRU0R49" failures="0" tests="10" name="MyTests.MainTestCases" time="192.175" errors="0" timestamp="2025-06-23T22:14:35 EET" skipped="0">
  <testcase classname="MyTests.MainTestCases" name="HomepageAccessibility" time="3.144"/>
  <system-out/>
  <testcase classname="MyTests.MainTestCases" name="ProductSearchFunctionality" time="7.401"/>
  <system-out/>
  <testcase classname="MyTests.MainTestCases" name="ViewingProductDetails" time="21.757"/>
  <system-out/>
  <testcase classname="MyTests.MainTestCases" name="PrivacyPolicyAccessibility" time="7.200"/>
  <system-out/>
  <testcase classname="MyTests.MainTestCases" name="FilteringSearchResults" time="10.620"/>
  <system-out/>
  <testcase classname="MyTests.MainTestCases" name="AddingProductstoCart" time="81.133"/>
  <system-out/>
  <testcase classname="MyTests.MainTestCases" name="ViewingandModifyingtheShoppingCart" time="33.066"/>
  <system-out/>
  <testcase classname="MyTests.MainTestCases" name="ProceedingtoCheckout" time="10.388"/>
  <system-out/>
  <testcase classname="MyTests.MainTestCases" name="LanguageSwitchFunctionlity" time="15.353"/>
  <system-out/>
  <testcase classname="MyTests.MainTestCases" name="LogoandInfoVisibility" time="2.113"/>
  <system-out/>
</testsuite> <!-- MyTests.MainTestCases -->
